# JRE version: OpenJDK Runtime Environment (25.0.2+12) (build 25.0.2+12-LTS)
# Java VM: OpenJDK 64-Bit Server VM (25.0.2+12-LTS, mixed mode, sharing, tiered, compressed oops, compressed class ptrs, g1 gc, windows-amd64)
GC Precious Log:
 CardTable entry size: 512
 Card Set container configuration: InlinePtr #cards 4 size 8 Array Of Cards #cards 16 size 48 Howl #buckets 8 coarsen threshold 3686 Howl Bitmap #cards 512 size 80 coarsen threshold 460 Card regions per heap region 1 cards per card region 4096
 CPUs: 8 total, 8 available
 Memory: 16167M
 Large Page Support: Disabled
 NUMA Support: Disabled
 Compressed Oops: Enabled (Zero based)
 Heap Region Size: 2M
 Heap Min Capacity: 8M
 Heap Initial Capacity: 254M
 Heap Max Capacity: 4042M
 Pre-touch: Disabled
 Parallel Workers: 8
 Concurrent Workers: 2
 Concurrent Refinement Workers: 8
 Periodic GC: Disabled
Heap:
 garbage-first heap   total reserved 4139008K, committed 262144K, used 151649K [0x0000000703600000, 0x0000000800000000)
  region size 2048K, 2 young (4096K), 1 survivors (2048K)
GC Heap Usage History (10 events):
Event: 0.453 {heap Before GC invocations=0 (full 0):
 garbage-first heap   total reserved 4139008K, committed 262144K, used 58515K [0x0000000703600000, 0x0000000800000000)
  region size 2048K, 24 young (49152K), 0 survivors (0K)
}
Event: 0.464 {heap After GC invocations=1 (full 0):
 garbage-first heap   total reserved 4139008K, committed 262144K, used 41246K [0x0000000703600000, 0x0000000800000000)
  region size 2048K, 3 young (6144K), 3 survivors (6144K)
}
Event: 0.562 {heap Before GC invocations=1 (full 0):
 garbage-first heap   total reserved 4139008K, committed 262144K, used 125214K [0x0000000703600000, 0x0000000800000000)
  region size 2048K, 44 young (90112K), 3 survivors (6144K)
}
Event: 0.577 {heap After GC invocations=2 (full 0):
 garbage-first heap   total reserved 4139008K, committed 262144K, used 88211K [0x0000000703600000, 0x0000000800000000)
  region size 2048K, 6 young (12288K), 6 survivors (12288K)
}
Event: 0.730 {heap Before GC invocations=2 (full 0):
 garbage-first heap   total reserved 4139008K, committed 262144K, used 161939K [0x0000000703600000, 0x0000000800000000)
  region size 2048K, 42 young (86016K), 6 survivors (12288K)
}
Event: 0.745 {heap After GC invocations=3 (full 0):
 garbage-first heap   total reserved 4139008K, committed 262144K, used 137363K [0x0000000703600000, 0x0000000800000000)
  region size 2048K, 6 young (12288K), 6 survivors (12288K)
}
Event: 0.761 {heap Before GC invocations=3 (full 0):
 garbage-first heap   total reserved 4139008K, committed 262144K, used 147603K [0x0000000703600000, 0x0000000800000000)
  region size 2048K, 12 young (24576K), 6 survivors (12288K)
}
Event: 0.766 {heap After GC invocations=4 (full 0):
 garbage-first heap   total reserved 4139008K, committed 262144K, used 147603K [0x0000000703600000, 0x0000000800000000)
  region size 2048K, 4 young (8192K), 4 survivors (8192K)
}
Event: 0.861 {heap Before GC invocations=5 (full 0):
 garbage-first heap   total reserved 4139008K, committed 262144K, used 184467K [0x0000000703600000, 0x0000000800000000)
  region size 2048K, 22 young (45056K), 4 survivors (8192K)
}
Event: 0.862 {heap After GC invocations=6 (full 0):
 garbage-first heap   total reserved 4139008K, committed 262144K, used 151649K [0x0000000703600000, 0x0000000800000000)
  region size 2048K, 1 young (2048K), 1 survivors (2048K)
}

